[debug] [2023-06-28T14:55:10.201Z] ----------------------------------------------------------------------
[debug] [2023-06-28T14:55:10.203Z] Command:       C:\Program Files\nodejs\node.exe C:\Program Files\nodejs\node_modules\firebase-tools\lib\bin\firebase.js deploy
[debug] [2023-06-28T14:55:10.204Z] CLI Version:   12.3.1
[debug] [2023-06-28T14:55:10.204Z] Platform:      win32
[debug] [2023-06-28T14:55:10.204Z] Node Version:  v18.16.0
[debug] [2023-06-28T14:55:10.205Z] Time:          Wed Jun 28 2023 20:25:10 GMT+0530 (India Standard Time)
[debug] [2023-06-28T14:55:10.205Z] ----------------------------------------------------------------------
[debug] 
[debug] [2023-06-28T14:55:10.284Z] > command requires scopes: ["email","openid","https://www.googleapis.com/auth/cloudplatformprojects.readonly","https://www.googleapis.com/auth/firebase","https://www.googleapis.com/auth/cloud-platform"]
[debug] [2023-06-28T14:55:10.285Z] > authorizing via signed-in user (rs0118032@gmail.com)
[debug] [2023-06-28T14:55:10.285Z] [iam] checking project webstore-1e960 for permissions ["firebase.projects.get","firebasehosting.sites.update"]
[debug] [2023-06-28T14:55:10.288Z] >>> [apiv2][query] POST https://cloudresourcemanager.googleapis.com/v1/projects/webstore-1e960:testIamPermissions [none]
[debug] [2023-06-28T14:55:10.288Z] >>> [apiv2][(partial)header] POST https://cloudresourcemanager.googleapis.com/v1/projects/webstore-1e960:testIamPermissions x-goog-quota-user=projects/webstore-1e960
[debug] [2023-06-28T14:55:10.288Z] >>> [apiv2][body] POST https://cloudresourcemanager.googleapis.com/v1/projects/webstore-1e960:testIamPermissions {"permissions":["firebase.projects.get","firebasehosting.sites.update"]}
[debug] [2023-06-28T14:55:12.608Z] <<< [apiv2][status] POST https://cloudresourcemanager.googleapis.com/v1/projects/webstore-1e960:testIamPermissions 200
[debug] [2023-06-28T14:55:12.608Z] <<< [apiv2][body] POST https://cloudresourcemanager.googleapis.com/v1/projects/webstore-1e960:testIamPermissions {"permissions":["firebase.projects.get","firebasehosting.sites.update"]}
[debug] [2023-06-28T14:55:12.609Z] >>> [apiv2][query] GET https://firebase.googleapis.com/v1beta1/projects/webstore-1e960 [none]
[debug] [2023-06-28T14:55:13.646Z] <<< [apiv2][status] GET https://firebase.googleapis.com/v1beta1/projects/webstore-1e960 200
[debug] [2023-06-28T14:55:13.646Z] <<< [apiv2][body] GET https://firebase.googleapis.com/v1beta1/projects/webstore-1e960 {"projectId":"webstore-1e960","projectNumber":"432502999108","displayName":"WebStore","name":"projects/webstore-1e960","resources":{"hostingSite":"webstore-1e960"},"state":"ACTIVE","etag":"1_099c0619-4874-4bff-907d-31dda6702d3f"}
[info] 
[info] === Deploying to 'webstore-1e960'...
[info] 
[info] i  deploying hosting 
[debug] [2023-06-28T14:55:13.655Z] >>> [apiv2][query] POST https://firebasehosting.googleapis.com/v1beta1/projects/-/sites/webstore-1e960/versions [none]
[debug] [2023-06-28T14:55:13.656Z] >>> [apiv2][body] POST https://firebasehosting.googleapis.com/v1beta1/projects/-/sites/webstore-1e960/versions {"status":"CREATED","labels":{"deployment-tool":"cli-firebase"}}
[debug] [2023-06-28T14:55:15.882Z] <<< [apiv2][status] POST https://firebasehosting.googleapis.com/v1beta1/projects/-/sites/webstore-1e960/versions 200
[debug] [2023-06-28T14:55:15.882Z] <<< [apiv2][body] POST https://firebasehosting.googleapis.com/v1beta1/projects/-/sites/webstore-1e960/versions {"name":"projects/432502999108/sites/webstore-1e960/versions/507314bdd835ca08","status":"CREATED","config":{},"labels":{"deployment-tool":"cli-firebase"}}
[info] i  hosting[webstore-1e960]: beginning deploy... 
[info] i  hosting[webstore-1e960]: found 16 files in build 
[debug] [2023-06-28T14:55:15.896Z] [hosting] uploading with 200 concurrency
[debug] [2023-06-28T14:55:16.668Z] [hosting] hash cache [YnVpbGQ] stored for 16 files
[debug] [2023-06-28T14:55:16.668Z] [hosting][hash queue][FINAL] {"max":765,"min":3,"avg":58.5,"active":0,"complete":16,"success":16,"errored":0,"retried":0,"total":16,"elapsed":769}
[debug] [2023-06-28T14:55:16.669Z] >>> [apiv2][query] POST https://firebasehosting.googleapis.com/v1beta1/projects/432502999108/sites/webstore-1e960/versions/507314bdd835ca08:populateFiles [none]
[debug] [2023-06-28T14:55:16.669Z] >>> [apiv2][body] POST https://firebasehosting.googleapis.com/v1beta1/projects/432502999108/sites/webstore-1e960/versions/507314bdd835ca08:populateFiles {"files":{"/delete.png":"ab76c38bbdbaa22a06e1787fbd73a0539cd35dd9782cf0afa461ccbf1631b617","/manifest.json":"aff3449bdc238776f5d6d967f19ec491b36aed5fb7f23ccff6500736fd58494a","/minus.png":"d2d0b3498a1bad2e6e2465956de56164aa93d18fdaa93e5a8ea1684c24166d3c","/plus.png":"cd5e4301f5151920d2a477c17ff992519ddc97308d4276cab4eca02bfa1ca57b","/shopping-cart.png":"b75c633b7dd0854df29539d5c627e6e1eefea74d43ba645714838181d0401c1f","/asset-manifest.json":"e9a11e73d456ff879603f6e29a3128da54f231f0fe7969e979c89ff459dd46f9","/index.html":"50ffd93831003cc8a278cbf1febb545ccef94165ac779a0cb2f19fd31589349e","/static/css/main.e2a1aacb.css":"ce036a1730ccd4d32cb8365e54fa9a7e1417bafb00c28540248cd5f9751a08d7","/static/js/main.68141478.js.LICENSE.txt":"2e18b7a6481931eb2d849e425437ccb78a0ddc5a7e63ba68fa218ea2fb07ee80","/static/media/notification.3657084dc0419605a91c.eot":"14a3248c53bb1d8d7a7d11de66a89e821f70742e442888aeb9cada0c9858bdaa","/static/css/main.e2a1aacb.css.map":"07c2d607d05af5c44f760807fabd9f3c609ab1ab39f294343a0bc0563f215832","/static/media/notification.5d0158671dd860c714c4.svg":"d6b96baeda66cc6b43ee742e8d326cc6c6cde2381c54a22ddec60214bdd5293d","/static/media/notification.c392cd33d9d9de730f9d.woff":"2649dc94a6996ab1d265014ce4e39195490a139f6e39b1cb9c53b14e7fe54039","/static/media/notification.c5d9251ea82e42f75381.ttf":"4594076e476c6bbd946b079b78486f0042cb8e93dddc893b945495935b3f45bf","/static/js/main.68141478.js":"764adf92f12f096a10d41d88e4a9dc4c1cca14fb8bb68133a18f70295d5fce55","/static/js/main.68141478.js.map":"eea169d45c89be9875620b480a112a7cf161a2c51004cdc8defc22996aa3b3c7"}}
[debug] [2023-06-28T14:55:19.242Z] <<< [apiv2][status] POST https://firebasehosting.googleapis.com/v1beta1/projects/432502999108/sites/webstore-1e960/versions/507314bdd835ca08:populateFiles 200
[debug] [2023-06-28T14:55:19.242Z] <<< [apiv2][body] POST https://firebasehosting.googleapis.com/v1beta1/projects/432502999108/sites/webstore-1e960/versions/507314bdd835ca08:populateFiles {"uploadRequiredHashes":["ce036a1730ccd4d32cb8365e54fa9a7e1417bafb00c28540248cd5f9751a08d7","764adf92f12f096a10d41d88e4a9dc4c1cca14fb8bb68133a18f70295d5fce55","eea169d45c89be9875620b480a112a7cf161a2c51004cdc8defc22996aa3b3c7","07c2d607d05af5c44f760807fabd9f3c609ab1ab39f294343a0bc0563f215832","50ffd93831003cc8a278cbf1febb545ccef94165ac779a0cb2f19fd31589349e","e9a11e73d456ff879603f6e29a3128da54f231f0fe7969e979c89ff459dd46f9"],"uploadUrl":"https://upload-firebasehosting.googleapis.com/upload/sites/webstore-1e960/versions/507314bdd835ca08/files"}
[debug] [2023-06-28T14:55:19.243Z] >>> [apiv2][query] POST https://upload-firebasehosting.googleapis.com/upload/sites/webstore-1e960/versions/507314bdd835ca08/files/ce036a1730ccd4d32cb8365e54fa9a7e1417bafb00c28540248cd5f9751a08d7 [none]
[debug] [2023-06-28T14:55:19.243Z] >>> [apiv2][body] POST https://upload-firebasehosting.googleapis.com/upload/sites/webstore-1e960/versions/507314bdd835ca08/files/ce036a1730ccd4d32cb8365e54fa9a7e1417bafb00c28540248cd5f9751a08d7 [stream]
[debug] [2023-06-28T14:55:19.245Z] >>> [apiv2][query] POST https://upload-firebasehosting.googleapis.com/upload/sites/webstore-1e960/versions/507314bdd835ca08/files/764adf92f12f096a10d41d88e4a9dc4c1cca14fb8bb68133a18f70295d5fce55 [none]
[debug] [2023-06-28T14:55:19.245Z] >>> [apiv2][body] POST https://upload-firebasehosting.googleapis.com/upload/sites/webstore-1e960/versions/507314bdd835ca08/files/764adf92f12f096a10d41d88e4a9dc4c1cca14fb8bb68133a18f70295d5fce55 [stream]
[debug] [2023-06-28T14:55:19.246Z] >>> [apiv2][query] POST https://upload-firebasehosting.googleapis.com/upload/sites/webstore-1e960/versions/507314bdd835ca08/files/eea169d45c89be9875620b480a112a7cf161a2c51004cdc8defc22996aa3b3c7 [none]
[debug] [2023-06-28T14:55:19.246Z] >>> [apiv2][body] POST https://upload-firebasehosting.googleapis.com/upload/sites/webstore-1e960/versions/507314bdd835ca08/files/eea169d45c89be9875620b480a112a7cf161a2c51004cdc8defc22996aa3b3c7 [stream]
[debug] [2023-06-28T14:55:19.247Z] >>> [apiv2][query] POST https://upload-firebasehosting.googleapis.com/upload/sites/webstore-1e960/versions/507314bdd835ca08/files/07c2d607d05af5c44f760807fabd9f3c609ab1ab39f294343a0bc0563f215832 [none]
[debug] [2023-06-28T14:55:19.247Z] >>> [apiv2][body] POST https://upload-firebasehosting.googleapis.com/upload/sites/webstore-1e960/versions/507314bdd835ca08/files/07c2d607d05af5c44f760807fabd9f3c609ab1ab39f294343a0bc0563f215832 [stream]
[debug] [2023-06-28T14:55:19.248Z] >>> [apiv2][query] POST https://upload-firebasehosting.googleapis.com/upload/sites/webstore-1e960/versions/507314bdd835ca08/files/50ffd93831003cc8a278cbf1febb545ccef94165ac779a0cb2f19fd31589349e [none]
[debug] [2023-06-28T14:55:19.248Z] >>> [apiv2][body] POST https://upload-firebasehosting.googleapis.com/upload/sites/webstore-1e960/versions/507314bdd835ca08/files/50ffd93831003cc8a278cbf1febb545ccef94165ac779a0cb2f19fd31589349e [stream]
[debug] [2023-06-28T14:55:19.249Z] >>> [apiv2][query] POST https://upload-firebasehosting.googleapis.com/upload/sites/webstore-1e960/versions/507314bdd835ca08/files/e9a11e73d456ff879603f6e29a3128da54f231f0fe7969e979c89ff459dd46f9 [none]
[debug] [2023-06-28T14:55:19.249Z] >>> [apiv2][body] POST https://upload-firebasehosting.googleapis.com/upload/sites/webstore-1e960/versions/507314bdd835ca08/files/e9a11e73d456ff879603f6e29a3128da54f231f0fe7969e979c89ff459dd46f9 [stream]
[debug] [2023-06-28T14:55:19.251Z] [hosting][populate queue][FINAL] {"max":2576,"min":2576,"avg":2576,"active":0,"complete":1,"success":1,"errored":0,"retried":0,"total":1,"elapsed":2584}
[debug] [2023-06-28T14:55:19.251Z] [hosting] uploads queued: 6
[debug] [2023-06-28T14:55:22.562Z] <<< [apiv2][status] POST https://upload-firebasehosting.googleapis.com/upload/sites/webstore-1e960/versions/507314bdd835ca08/files/e9a11e73d456ff879603f6e29a3128da54f231f0fe7969e979c89ff459dd46f9 200
[debug] [2023-06-28T14:55:22.562Z] <<< [apiv2][body] POST https://upload-firebasehosting.googleapis.com/upload/sites/webstore-1e960/versions/507314bdd835ca08/files/e9a11e73d456ff879603f6e29a3128da54f231f0fe7969e979c89ff459dd46f9 [stream]
[debug] [2023-06-28T14:55:23.901Z] <<< [apiv2][status] POST https://upload-firebasehosting.googleapis.com/upload/sites/webstore-1e960/versions/507314bdd835ca08/files/07c2d607d05af5c44f760807fabd9f3c609ab1ab39f294343a0bc0563f215832 200
[debug] [2023-06-28T14:55:23.901Z] <<< [apiv2][body] POST https://upload-firebasehosting.googleapis.com/upload/sites/webstore-1e960/versions/507314bdd835ca08/files/07c2d607d05af5c44f760807fabd9f3c609ab1ab39f294343a0bc0563f215832 [stream]
[debug] [2023-06-28T14:55:26.608Z] <<< [apiv2][status] POST https://upload-firebasehosting.googleapis.com/upload/sites/webstore-1e960/versions/507314bdd835ca08/files/ce036a1730ccd4d32cb8365e54fa9a7e1417bafb00c28540248cd5f9751a08d7 200
[debug] [2023-06-28T14:55:26.608Z] <<< [apiv2][body] POST https://upload-firebasehosting.googleapis.com/upload/sites/webstore-1e960/versions/507314bdd835ca08/files/ce036a1730ccd4d32cb8365e54fa9a7e1417bafb00c28540248cd5f9751a08d7 [stream]
[debug] [2023-06-28T14:55:30.138Z] [uploadQueue] Retrying task 50ffd93831003cc8a278cbf1febb545ccef94165ac779a0cb2f19fd31589349e
[debug] [2023-06-28T14:55:30.140Z] >>> [apiv2][query] POST https://upload-firebasehosting.googleapis.com/upload/sites/webstore-1e960/versions/507314bdd835ca08/files/50ffd93831003cc8a278cbf1febb545ccef94165ac779a0cb2f19fd31589349e [none]
[debug] [2023-06-28T14:55:30.140Z] >>> [apiv2][body] POST https://upload-firebasehosting.googleapis.com/upload/sites/webstore-1e960/versions/507314bdd835ca08/files/50ffd93831003cc8a278cbf1febb545ccef94165ac779a0cb2f19fd31589349e [stream]
[debug] [2023-06-28T14:55:34.000Z] <<< [apiv2][status] POST https://upload-firebasehosting.googleapis.com/upload/sites/webstore-1e960/versions/507314bdd835ca08/files/50ffd93831003cc8a278cbf1febb545ccef94165ac779a0cb2f19fd31589349e 200
[debug] [2023-06-28T14:55:34.001Z] <<< [apiv2][body] POST https://upload-firebasehosting.googleapis.com/upload/sites/webstore-1e960/versions/507314bdd835ca08/files/50ffd93831003cc8a278cbf1febb545ccef94165ac779a0cb2f19fd31589349e [stream]
[debug] [2023-06-28T14:55:49.644Z] [uploadQueue] Retrying task 764adf92f12f096a10d41d88e4a9dc4c1cca14fb8bb68133a18f70295d5fce55
[debug] [2023-06-28T14:55:49.645Z] >>> [apiv2][query] POST https://upload-firebasehosting.googleapis.com/upload/sites/webstore-1e960/versions/507314bdd835ca08/files/764adf92f12f096a10d41d88e4a9dc4c1cca14fb8bb68133a18f70295d5fce55 [none]
[debug] [2023-06-28T14:55:49.645Z] >>> [apiv2][body] POST https://upload-firebasehosting.googleapis.com/upload/sites/webstore-1e960/versions/507314bdd835ca08/files/764adf92f12f096a10d41d88e4a9dc4c1cca14fb8bb68133a18f70295d5fce55 [stream]
[debug] [2023-06-28T14:56:20.448Z] [uploadQueue] Retrying task 764adf92f12f096a10d41d88e4a9dc4c1cca14fb8bb68133a18f70295d5fce55
[debug] [2023-06-28T14:56:20.449Z] >>> [apiv2][query] POST https://upload-firebasehosting.googleapis.com/upload/sites/webstore-1e960/versions/507314bdd835ca08/files/764adf92f12f096a10d41d88e4a9dc4c1cca14fb8bb68133a18f70295d5fce55 [none]
[debug] [2023-06-28T14:56:20.449Z] >>> [apiv2][body] POST https://upload-firebasehosting.googleapis.com/upload/sites/webstore-1e960/versions/507314bdd835ca08/files/764adf92f12f096a10d41d88e4a9dc4c1cca14fb8bb68133a18f70295d5fce55 [stream]
